<?xml version="1.0" encoding="UTF-8"?>
<!-- Generated by org.testng.reporters.JUnitReportReporter -->
<testsuite skipped="0" hostname="BLR-MOB0017" name="org.com.ExcAuomationProject.org.com.ExcAuomationProject.ExtentTrport_Test" tests="1" failures="0" timestamp="31 Oct 2018 13:55:58 GMT" time="0.803" errors="0">
  <testcase name="test_report" time="0.803" classname="org.com.ExcAuomationProject.org.com.ExcAuomationProject.ExtentTrport_Test"/>
</testsuite> <!-- org.com.ExcAuomationProject.org.com.ExcAuomationProject.ExtentTrport_Test -->
