<?xml version="1.0" encoding="UTF-8"?>
<!-- Generated by org.testng.reporters.JUnitReportReporter -->
<testsuite skipped="0" hostname="BLR-MOB0017" name="testing_package.ExtentTrport_Test2" tests="1" failures="0" timestamp="31 Oct 2018 14:43:45 GMT" time="0.357" errors="0">
  <testcase name="test_report" time="0.357" classname="testing_package.ExtentTrport_Test2"/>
</testsuite> <!-- testing_package.ExtentTrport_Test2 -->
