<?xml version="1.0" encoding="UTF-8"?>
<!-- Generated by org.testng.reporters.JUnitReportReporter -->
<testsuite skipped="0" hostname="BLR-MOB0017" name="testing_package.ExtentTrport_Test4" tests="1" failures="0" timestamp="02 Nov 2018 07:40:26 GMT" time="0.482" errors="0">
  <testcase name="test_report" time="0.482" classname="testing_package.ExtentTrport_Test4"/>
</testsuite> <!-- testing_package.ExtentTrport_Test4 -->
