<?xml version="1.0" encoding="UTF-8"?>
<!-- Generated by org.testng.reporters.JUnitReportReporter -->
<testsuite skipped="0" hostname="BLR-MOB0017" name="org.com.ExcAuomationProject.org.com.ExcAuomationProject.DriverRead" tests="1" failures="0" timestamp="31 Oct 2018 10:18:09 GMT" time="151.822" errors="0">
  <testcase name="driver_read" time="151.822" classname="org.com.ExcAuomationProject.org.com.ExcAuomationProject.DriverRead"/>
</testsuite> <!-- org.com.ExcAuomationProject.org.com.ExcAuomationProject.DriverRead -->
